<?xml version="1.0" encoding="UTF-8" ?>
<testsuite failures="0" time="0.078" errors="0" skipped="0" tests="2" name="com.github.cwilper.fcrepo.store.core.NotFoundExceptionTest">
  <properties>
    <property name="java.runtime.name" value="Java(TM) SE Runtime Environment"/>
    <property name="sun.boot.library.path" value="/System/Library/Java/JavaVirtualMachines/1.6.0.jdk/Contents/Libraries"/>
    <property name="java.vm.version" value="20.4-b02-402"/>
    <property name="awt.nativeDoubleBuffering" value="true"/>
    <property name="gopherProxySet" value="false"/>
    <property name="mrj.build" value="11M3527"/>
    <property name="java.vm.vendor" value="Apple Inc."/>
    <property name="java.vendor.url" value="http://www.apple.com/"/>
    <property name="path.separator" value=":"/>
    <property name="java.vm.name" value="Java HotSpot(TM) 64-Bit Server VM"/>
    <property name="file.encoding.pkg" value="sun.io"/>
    <property name="user.country" value="US"/>
    <property name="sun.java.launcher" value="SUN_STANDARD"/>
    <property name="sun.os.patch.level" value="unknown"/>
    <property name="java.vm.specification.name" value="Java Virtual Machine Specification"/>
    <property name="user.dir" value="/Users/cwilper/work/gh/cwilper/fcrepo-store/fcrepo-store-core"/>
    <property name="java.runtime.version" value="1.6.0_29-b11-402-11M3527"/>
    <property name="java.awt.graphicsenv" value="apple.awt.CGraphicsEnvironment"/>
    <property name="basedir" value="/Users/cwilper/work/gh/cwilper/fcrepo-store/fcrepo-store-core"/>
    <property name="java.endorsed.dirs" value="/System/Library/Java/JavaVirtualMachines/1.6.0.jdk/Contents/Home/lib/endorsed"/>
    <property name="os.arch" value="x86_64"/>
    <property name="surefire.real.class.path" value="/var/folders/q2/pzv29wsd2h3dpjk6pp9_xnt00000gn/T/surefirebooter9167231143441137275.jar"/>
    <property name="java.io.tmpdir" value="/var/folders/q2/pzv29wsd2h3dpjk6pp9_xnt00000gn/T/"/>
    <property name="line.separator" value="
"/>
    <property name="java.vm.specification.vendor" value="Sun Microsystems Inc."/>
    <property name="os.name" value="Mac OS X"/>
    <property name="sun.jnu.encoding" value="MacRoman"/>
    <property name="java.library.path" value=".:/Library/Java/Extensions:/System/Library/Java/Extensions:/usr/lib/java"/>
    <property name="surefire.test.class.path" value="/Users/cwilper/work/gh/cwilper/fcrepo-store/fcrepo-store-core/target/test-classes:/Users/cwilper/work/gh/cwilper/fcrepo-store/fcrepo-store-core/target/generated-classes/cobertura:/Users/cwilper/.m2/repository/com/github/cwilper/fcrepo-misc/fcrepo-dto-core/1.1.0-SNAPSHOT/fcrepo-dto-core-1.1.0-SNAPSHOT.jar:/Users/cwilper/.m2/repository/com/github/cwilper/fcrepo-misc/fcrepo-httpclient/1.1.0-SNAPSHOT/fcrepo-httpclient-1.1.0-SNAPSHOT.jar:/Users/cwilper/.m2/repository/org/apache/httpcomponents/httpclient/4.0.3/httpclient-4.0.3.jar:/Users/cwilper/.m2/repository/org/apache/httpcomponents/httpcore/4.0.1/httpcore-4.0.1.jar:/Users/cwilper/.m2/repository/commons-codec/commons-codec/1.6/commons-codec-1.6.jar:/Users/cwilper/.m2/repository/org/slf4j/slf4j-api/1.6.4/slf4j-api-1.6.4.jar:/Users/cwilper/.m2/repository/org/slf4j/jcl-over-slf4j/1.6.4/jcl-over-slf4j-1.6.4.jar:/Users/cwilper/.m2/repository/commons-io/commons-io/2.0.1/commons-io-2.0.1.jar:/Users/cwilper/.m2/repository/net/java/dev/stax-utils/stax-utils/20060502/stax-utils-20060502.jar:/Users/cwilper/.m2/repository/org/apache/santuario/xmlsec/1.4.3/xmlsec-1.4.3.jar:/Users/cwilper/.m2/repository/ch/qos/logback/logback-classic/1.0.0/logback-classic-1.0.0.jar:/Users/cwilper/.m2/repository/ch/qos/logback/logback-core/1.0.0/logback-core-1.0.0.jar:/Users/cwilper/.m2/repository/junit/junit/4.2/junit-4.2.jar:/Users/cwilper/.m2/repository/org/easymock/easymock/3.1/easymock-3.1.jar:/Users/cwilper/.m2/repository/cglib/cglib-nodep/2.2.2/cglib-nodep-2.2.2.jar:/Users/cwilper/.m2/repository/org/objenesis/objenesis/1.2/objenesis-1.2.jar:/Users/cwilper/.m2/repository/net/sourceforge/cobertura/cobertura/1.9.4.1/cobertura-1.9.4.1.jar:/Users/cwilper/.m2/repository/org/apache/ant/ant/1.7.0/ant-1.7.0.jar:/Users/cwilper/.m2/repository/org/apache/ant/ant-launcher/1.7.0/ant-launcher-1.7.0.jar:"/>
    <property name="java.specification.name" value="Java Platform API Specification"/>
    <property name="java.class.version" value="50.0"/>
    <property name="sun.management.compiler" value="HotSpot 64-Bit Tiered Compilers"/>
    <property name="os.version" value="10.7.3"/>
    <property name="http.nonProxyHosts" value="local|*.local|169.254/16|*.169.254/16"/>
    <property name="user.home" value="/Users/cwilper"/>
    <property name="user.timezone" value=""/>
    <property name="java.awt.printerjob" value="apple.awt.CPrinterJob"/>
    <property name="java.specification.version" value="1.6"/>
    <property name="file.encoding" value="MacRoman"/>
    <property name="user.name" value="cwilper"/>
    <property name="java.class.path" value="/Users/cwilper/work/gh/cwilper/fcrepo-store/fcrepo-store-core/target/test-classes:/Users/cwilper/work/gh/cwilper/fcrepo-store/fcrepo-store-core/target/generated-classes/cobertura:/Users/cwilper/.m2/repository/com/github/cwilper/fcrepo-misc/fcrepo-dto-core/1.1.0-SNAPSHOT/fcrepo-dto-core-1.1.0-SNAPSHOT.jar:/Users/cwilper/.m2/repository/com/github/cwilper/fcrepo-misc/fcrepo-httpclient/1.1.0-SNAPSHOT/fcrepo-httpclient-1.1.0-SNAPSHOT.jar:/Users/cwilper/.m2/repository/org/apache/httpcomponents/httpclient/4.0.3/httpclient-4.0.3.jar:/Users/cwilper/.m2/repository/org/apache/httpcomponents/httpcore/4.0.1/httpcore-4.0.1.jar:/Users/cwilper/.m2/repository/commons-codec/commons-codec/1.6/commons-codec-1.6.jar:/Users/cwilper/.m2/repository/org/slf4j/slf4j-api/1.6.4/slf4j-api-1.6.4.jar:/Users/cwilper/.m2/repository/org/slf4j/jcl-over-slf4j/1.6.4/jcl-over-slf4j-1.6.4.jar:/Users/cwilper/.m2/repository/commons-io/commons-io/2.0.1/commons-io-2.0.1.jar:/Users/cwilper/.m2/repository/net/java/dev/stax-utils/stax-utils/20060502/stax-utils-20060502.jar:/Users/cwilper/.m2/repository/org/apache/santuario/xmlsec/1.4.3/xmlsec-1.4.3.jar:/Users/cwilper/.m2/repository/ch/qos/logback/logback-classic/1.0.0/logback-classic-1.0.0.jar:/Users/cwilper/.m2/repository/ch/qos/logback/logback-core/1.0.0/logback-core-1.0.0.jar:/Users/cwilper/.m2/repository/junit/junit/4.2/junit-4.2.jar:/Users/cwilper/.m2/repository/org/easymock/easymock/3.1/easymock-3.1.jar:/Users/cwilper/.m2/repository/cglib/cglib-nodep/2.2.2/cglib-nodep-2.2.2.jar:/Users/cwilper/.m2/repository/org/objenesis/objenesis/1.2/objenesis-1.2.jar:/Users/cwilper/.m2/repository/net/sourceforge/cobertura/cobertura/1.9.4.1/cobertura-1.9.4.1.jar:/Users/cwilper/.m2/repository/org/apache/ant/ant/1.7.0/ant-1.7.0.jar:/Users/cwilper/.m2/repository/org/apache/ant/ant-launcher/1.7.0/ant-launcher-1.7.0.jar:"/>
    <property name="java.vm.specification.version" value="1.0"/>
    <property name="sun.arch.data.model" value="64"/>
    <property name="java.home" value="/System/Library/Java/JavaVirtualMachines/1.6.0.jdk/Contents/Home"/>
    <property name="sun.java.command" value="/var/folders/q2/pzv29wsd2h3dpjk6pp9_xnt00000gn/T/surefirebooter9167231143441137275.jar /var/folders/q2/pzv29wsd2h3dpjk6pp9_xnt00000gn/T/surefire7726752371568605308tmp /var/folders/q2/pzv29wsd2h3dpjk6pp9_xnt00000gn/T/surefire8236453633978364214tmp"/>
    <property name="java.specification.vendor" value="Sun Microsystems Inc."/>
    <property name="user.language" value="en"/>
    <property name="awt.toolkit" value="apple.awt.CToolkit"/>
    <property name="java.vm.info" value="mixed mode"/>
    <property name="java.version" value="1.6.0_29"/>
    <property name="java.ext.dirs" value="/Library/Java/Extensions:/System/Library/Java/Extensions:/System/Library/Java/JavaVirtualMachines/1.6.0.jdk/Contents/Home/lib/ext"/>
    <property name="sun.boot.class.path" value="/System/Library/Java/JavaVirtualMachines/1.6.0.jdk/Contents/Classes/jsfd.jar:/System/Library/Java/JavaVirtualMachines/1.6.0.jdk/Contents/Classes/classes.jar:/System/Library/Frameworks/JavaVM.framework/Frameworks/JavaRuntimeSupport.framework/Resources/Java/JavaRuntimeSupport.jar:/System/Library/Java/JavaVirtualMachines/1.6.0.jdk/Contents/Classes/ui.jar:/System/Library/Java/JavaVirtualMachines/1.6.0.jdk/Contents/Classes/laf.jar:/System/Library/Java/JavaVirtualMachines/1.6.0.jdk/Contents/Classes/sunrsasign.jar:/System/Library/Java/JavaVirtualMachines/1.6.0.jdk/Contents/Classes/jsse.jar:/System/Library/Java/JavaVirtualMachines/1.6.0.jdk/Contents/Classes/jce.jar:/System/Library/Java/JavaVirtualMachines/1.6.0.jdk/Contents/Classes/charsets.jar"/>
    <property name="java.vendor" value="Apple Inc."/>
    <property name="localRepository" value="/Users/cwilper/.m2/repository"/>
    <property name="file.separator" value="/"/>
    <property name="java.vendor.url.bug" value="http://bugreport.apple.com/"/>
    <property name="sun.cpu.endian" value="little"/>
    <property name="sun.io.unicode.encoding" value="UnicodeLittle"/>
    <property name="mrj.version" value="1070.1.6.0_29-402"/>
    <property name="socksNonProxyHosts" value="local|*.local|169.254/16|*.169.254/16"/>
    <property name="ftp.nonProxyHosts" value="local|*.local|169.254/16|*.169.254/16"/>
    <property name="sun.cpu.isalist" value=""/>
  </properties>
  <testcase time="0.039" classname="com.github.cwilper.fcrepo.store.core.NotFoundExceptionTest" name="initWithMessage"/>
  <testcase time="0.001" classname="com.github.cwilper.fcrepo.store.core.NotFoundExceptionTest" name="initWithMessageAndCause"/>
</testsuite>